<?xml version="1.0" encoding="UTF-8"?>
<testsuite xmlns:xsi="http://www.w3.org/2001/XMLSchema-instance" xsi:noNamespaceSchemaLocation="https://maven.apache.org/surefire/maven-surefire-plugin/xsd/surefire-test-report-3.0.xsd" version="3.0" name="TestSuite" time="18.578" tests="2" errors="0" skipped="0" failures="0">
  <properties>
    <property name="gopherProxySet" value="false"/>
    <property name="awt.toolkit" value="sun.lwawt.macosx.LWCToolkit"/>
    <property name="file.encoding.pkg" value="sun.io"/>
    <property name="java.specification.version" value="1.8"/>
    <property name="webdriver.chrome.driver" value="/Users/srinivasanmuthu/.cache/selenium/chromedriver/mac64/119.0.6045.105/chromedriver"/>
    <property name="sun.cpu.isalist" value=""/>
    <property name="sun.jnu.encoding" value="UTF-8"/>
    <property name="java.class.path" value="/Users/srinivasanmuthu/Desktop/qa/target/test-classes:/Users/srinivasanmuthu/Desktop/qa/target/classes:/Users/srinivasanmuthu/.m2/repository/org/seleniumhq/selenium/selenium-java/3.11.0/selenium-java-3.11.0.jar:/Users/srinivasanmuthu/.m2/repository/org/seleniumhq/selenium/selenium-api/3.11.0/selenium-api-3.11.0.jar:/Users/srinivasanmuthu/.m2/repository/org/seleniumhq/selenium/selenium-chrome-driver/3.11.0/selenium-chrome-driver-3.11.0.jar:/Users/srinivasanmuthu/.m2/repository/org/seleniumhq/selenium/selenium-edge-driver/3.11.0/selenium-edge-driver-3.11.0.jar:/Users/srinivasanmuthu/.m2/repository/org/seleniumhq/selenium/selenium-firefox-driver/3.11.0/selenium-firefox-driver-3.11.0.jar:/Users/srinivasanmuthu/.m2/repository/org/seleniumhq/selenium/selenium-ie-driver/3.11.0/selenium-ie-driver-3.11.0.jar:/Users/srinivasanmuthu/.m2/repository/org/seleniumhq/selenium/selenium-opera-driver/3.11.0/selenium-opera-driver-3.11.0.jar:/Users/srinivasanmuthu/.m2/repository/org/seleniumhq/selenium/selenium-remote-driver/3.11.0/selenium-remote-driver-3.11.0.jar:/Users/srinivasanmuthu/.m2/repository/org/seleniumhq/selenium/selenium-safari-driver/3.11.0/selenium-safari-driver-3.11.0.jar:/Users/srinivasanmuthu/.m2/repository/org/seleniumhq/selenium/selenium-support/3.11.0/selenium-support-3.11.0.jar:/Users/srinivasanmuthu/.m2/repository/net/bytebuddy/byte-buddy/1.7.9/byte-buddy-1.7.9.jar:/Users/srinivasanmuthu/.m2/repository/org/apache/commons/commons-exec/1.3/commons-exec-1.3.jar:/Users/srinivasanmuthu/.m2/repository/commons-codec/commons-codec/1.10/commons-codec-1.10.jar:/Users/srinivasanmuthu/.m2/repository/commons-logging/commons-logging/1.2/commons-logging-1.2.jar:/Users/srinivasanmuthu/.m2/repository/com/google/code/gson/gson/2.8.2/gson-2.8.2.jar:/Users/srinivasanmuthu/.m2/repository/com/google/guava/guava/23.6-jre/guava-23.6-jre.jar:/Users/srinivasanmuthu/.m2/repository/com/google/code/findbugs/jsr305/1.3.9/jsr305-1.3.9.jar:/Users/srinivasanmuthu/.m2/repository/org/checkerframework/checker-compat-qual/2.0.0/checker-compat-qual-2.0.0.jar:/Users/srinivasanmuthu/.m2/repository/com/google/errorprone/error_prone_annotations/2.1.3/error_prone_annotations-2.1.3.jar:/Users/srinivasanmuthu/.m2/repository/com/google/j2objc/j2objc-annotations/1.1/j2objc-annotations-1.1.jar:/Users/srinivasanmuthu/.m2/repository/org/codehaus/mojo/animal-sniffer-annotations/1.14/animal-sniffer-annotations-1.14.jar:/Users/srinivasanmuthu/.m2/repository/org/apache/httpcomponents/httpclient/4.5.3/httpclient-4.5.3.jar:/Users/srinivasanmuthu/.m2/repository/org/apache/httpcomponents/httpcore/4.4.6/httpcore-4.4.6.jar:/Users/srinivasanmuthu/.m2/repository/com/squareup/okhttp3/okhttp/3.9.1/okhttp-3.9.1.jar:/Users/srinivasanmuthu/.m2/repository/com/squareup/okio/okio/1.13.0/okio-1.13.0.jar:/Users/srinivasanmuthu/.m2/repository/junit/junit/4.12/junit-4.12.jar:/Users/srinivasanmuthu/.m2/repository/org/hamcrest/hamcrest-core/1.3/hamcrest-core-1.3.jar:/Users/srinivasanmuthu/.m2/repository/com/relevantcodes/extentreports/2.40.2/extentreports-2.40.2.jar:/Users/srinivasanmuthu/.m2/repository/org/jsoup/jsoup/1.8.3/jsoup-1.8.3.jar:/Users/srinivasanmuthu/.m2/repository/org/xerial/sqlite-jdbc/3.8.11.1/sqlite-jdbc-3.8.11.1.jar:/Users/srinivasanmuthu/.m2/repository/org/freemarker/freemarker/2.3.23/freemarker-2.3.23.jar:/Users/srinivasanmuthu/.m2/repository/commons-configuration/commons-configuration/1.6/commons-configuration-1.6.jar:/Users/srinivasanmuthu/.m2/repository/commons-collections/commons-collections/3.2.1/commons-collections-3.2.1.jar:/Users/srinivasanmuthu/.m2/repository/commons-lang/commons-lang/2.4/commons-lang-2.4.jar:/Users/srinivasanmuthu/.m2/repository/commons-digester/commons-digester/1.8/commons-digester-1.8.jar:/Users/srinivasanmuthu/.m2/repository/commons-beanutils/commons-beanutils/1.7.0/commons-beanutils-1.7.0.jar:/Users/srinivasanmuthu/.m2/repository/commons-beanutils/commons-beanutils-core/1.8.0/commons-beanutils-core-1.8.0.jar:/Users/srinivasanmuthu/.m2/repository/io/github/bonigarcia/webdrivermanager/5.6.2/webdrivermanager-5.6.2.jar:/Users/srinivasanmuthu/.m2/repository/org/slf4j/slf4j-api/2.0.9/slf4j-api-2.0.9.jar:/Users/srinivasanmuthu/.m2/repository/com/github/docker-java/docker-java/3.3.4/docker-java-3.3.4.jar:/Users/srinivasanmuthu/.m2/repository/com/github/docker-java/docker-java-core/3.3.4/docker-java-core-3.3.4.jar:/Users/srinivasanmuthu/.m2/repository/com/github/docker-java/docker-java-api/3.3.4/docker-java-api-3.3.4.jar:/Users/srinivasanmuthu/.m2/repository/com/fasterxml/jackson/core/jackson-annotations/2.10.3/jackson-annotations-2.10.3.jar:/Users/srinivasanmuthu/.m2/repository/commons-io/commons-io/2.13.0/commons-io-2.13.0.jar:/Users/srinivasanmuthu/.m2/repository/com/fasterxml/jackson/core/jackson-databind/2.10.3/jackson-databind-2.10.3.jar:/Users/srinivasanmuthu/.m2/repository/com/fasterxml/jackson/core/jackson-core/2.10.3/jackson-core-2.10.3.jar:/Users/srinivasanmuthu/.m2/repository/org/bouncycastle/bcpkix-jdk18on/1.76/bcpkix-jdk18on-1.76.jar:/Users/srinivasanmuthu/.m2/repository/org/bouncycastle/bcprov-jdk18on/1.76/bcprov-jdk18on-1.76.jar:/Users/srinivasanmuthu/.m2/repository/org/bouncycastle/bcutil-jdk18on/1.76/bcutil-jdk18on-1.76.jar:/Users/srinivasanmuthu/.m2/repository/org/slf4j/jcl-over-slf4j/1.7.30/jcl-over-slf4j-1.7.30.jar:/Users/srinivasanmuthu/.m2/repository/com/github/docker-java/docker-java-transport-httpclient5/3.3.4/docker-java-transport-httpclient5-3.3.4.jar:/Users/srinivasanmuthu/.m2/repository/com/github/docker-java/docker-java-transport/3.3.4/docker-java-transport-3.3.4.jar:/Users/srinivasanmuthu/.m2/repository/net/java/dev/jna/jna/5.13.0/jna-5.13.0.jar:/Users/srinivasanmuthu/.m2/repository/org/brotli/dec/0.1.2/dec-0.1.2.jar:/Users/srinivasanmuthu/.m2/repository/org/apache/commons/commons-lang3/3.13.0/commons-lang3-3.13.0.jar:/Users/srinivasanmuthu/.m2/repository/org/apache/commons/commons-compress/1.24.0/commons-compress-1.24.0.jar:/Users/srinivasanmuthu/.m2/repository/org/apache/httpcomponents/client5/httpclient5/5.2.1/httpclient5-5.2.1.jar:/Users/srinivasanmuthu/.m2/repository/org/apache/httpcomponents/core5/httpcore5/5.2/httpcore5-5.2.jar:/Users/srinivasanmuthu/.m2/repository/org/apache/httpcomponents/core5/httpcore5-h2/5.2/httpcore5-h2-5.2.jar:/Users/srinivasanmuthu/.m2/repository/org/yaml/snakeyaml/1.23/snakeyaml-1.23.jar:/Users/srinivasanmuthu/.m2/repository/io/cucumber/gherkin/10.0.0/gherkin-10.0.0.jar:/Users/srinivasanmuthu/.m2/repository/io/cucumber/messages/10.0.1/messages-10.0.1.jar:/Users/srinivasanmuthu/.m2/repository/io/cucumber/cucumber-junit/5.3.0/cucumber-junit-5.3.0.jar:/Users/srinivasanmuthu/.m2/repository/org/apiguardian/apiguardian-api/1.1.0/apiguardian-api-1.1.0.jar:/Users/srinivasanmuthu/.m2/repository/io/cucumber/cucumber-java/5.3.0/cucumber-java-5.3.0.jar:/Users/srinivasanmuthu/.m2/repository/io/cucumber/cucumber-testng/5.3.0/cucumber-testng-5.3.0.jar:/Users/srinivasanmuthu/.m2/repository/org/testng/testng/7.1.0/testng-7.1.0.jar:/Users/srinivasanmuthu/.m2/repository/com/beust/jcommander/1.72/jcommander-1.72.jar:/Users/srinivasanmuthu/.m2/repository/com/google/inject/guice/4.1.0/guice-4.1.0-no_aop.jar:/Users/srinivasanmuthu/.m2/repository/javax/inject/javax.inject/1/javax.inject-1.jar:/Users/srinivasanmuthu/.m2/repository/aopalliance/aopalliance/1.0/aopalliance-1.0.jar:/Users/srinivasanmuthu/.m2/repository/io/cucumber/cucumber-core/5.3.0/cucumber-core-5.3.0.jar:/Users/srinivasanmuthu/.m2/repository/io/cucumber/cucumber-gherkin/5.3.0/cucumber-gherkin-5.3.0.jar:/Users/srinivasanmuthu/.m2/repository/io/cucumber/cucumber-gherkin-vintage/5.3.0/cucumber-gherkin-vintage-5.3.0.jar:/Users/srinivasanmuthu/.m2/repository/io/cucumber/tag-expressions/2.0.4/tag-expressions-2.0.4.jar:/Users/srinivasanmuthu/.m2/repository/io/cucumber/cucumber-expressions/8.3.1/cucumber-expressions-8.3.1.jar:/Users/srinivasanmuthu/.m2/repository/io/cucumber/datatable/3.3.0/datatable-3.3.0.jar:/Users/srinivasanmuthu/.m2/repository/io/cucumber/cucumber-plugin/5.3.0/cucumber-plugin-5.3.0.jar:/Users/srinivasanmuthu/.m2/repository/io/cucumber/docstring/5.3.0/docstring-5.3.0.jar:/Users/srinivasanmuthu/.m2/repository/io/cucumber/cucumber-picocontainer/5.3.0/cucumber-picocontainer-5.3.0.jar:/Users/srinivasanmuthu/.m2/repository/org/picocontainer/picocontainer/2.15/picocontainer-2.15.jar:"/>
    <property name="java.vm.vendor" value="Oracle Corporation"/>
    <property name="sun.arch.data.model" value="64"/>
    <property name="java.vendor.url" value="http://java.oracle.com/"/>
    <property name="user.timezone" value="Asia/Singapore"/>
    <property name="user.country.format" value="SG"/>
    <property name="java.vm.specification.version" value="1.8"/>
    <property name="os.name" value="Mac OS X"/>
    <property name="user.country" value="GB"/>
    <property name="sun.java.launcher" value="SUN_STANDARD"/>
    <property name="sun.boot.library.path" value="/Library/Internet Plug-Ins/JavaAppletPlugin.plugin/Contents/Home/lib"/>
    <property name="sun.java.command" value="/Users/srinivasanmuthu/Desktop/qa/target/surefire/surefirebooter5449026744235364065.jar /Users/srinivasanmuthu/Desktop/qa/target/surefire 2023-11-14T01-20-53_564-jvmRun1 surefire4824314716058700925tmp surefire_04673249116858815606tmp"/>
    <property name="http.nonProxyHosts" value="local|*.local|169.254/16|*.169.254/16"/>
    <property name="surefire.test.class.path" value="/Users/srinivasanmuthu/Desktop/qa/target/test-classes:/Users/srinivasanmuthu/Desktop/qa/target/classes:/Users/srinivasanmuthu/.m2/repository/org/seleniumhq/selenium/selenium-java/3.11.0/selenium-java-3.11.0.jar:/Users/srinivasanmuthu/.m2/repository/org/seleniumhq/selenium/selenium-api/3.11.0/selenium-api-3.11.0.jar:/Users/srinivasanmuthu/.m2/repository/org/seleniumhq/selenium/selenium-chrome-driver/3.11.0/selenium-chrome-driver-3.11.0.jar:/Users/srinivasanmuthu/.m2/repository/org/seleniumhq/selenium/selenium-edge-driver/3.11.0/selenium-edge-driver-3.11.0.jar:/Users/srinivasanmuthu/.m2/repository/org/seleniumhq/selenium/selenium-firefox-driver/3.11.0/selenium-firefox-driver-3.11.0.jar:/Users/srinivasanmuthu/.m2/repository/org/seleniumhq/selenium/selenium-ie-driver/3.11.0/selenium-ie-driver-3.11.0.jar:/Users/srinivasanmuthu/.m2/repository/org/seleniumhq/selenium/selenium-opera-driver/3.11.0/selenium-opera-driver-3.11.0.jar:/Users/srinivasanmuthu/.m2/repository/org/seleniumhq/selenium/selenium-remote-driver/3.11.0/selenium-remote-driver-3.11.0.jar:/Users/srinivasanmuthu/.m2/repository/org/seleniumhq/selenium/selenium-safari-driver/3.11.0/selenium-safari-driver-3.11.0.jar:/Users/srinivasanmuthu/.m2/repository/org/seleniumhq/selenium/selenium-support/3.11.0/selenium-support-3.11.0.jar:/Users/srinivasanmuthu/.m2/repository/net/bytebuddy/byte-buddy/1.7.9/byte-buddy-1.7.9.jar:/Users/srinivasanmuthu/.m2/repository/org/apache/commons/commons-exec/1.3/commons-exec-1.3.jar:/Users/srinivasanmuthu/.m2/repository/commons-codec/commons-codec/1.10/commons-codec-1.10.jar:/Users/srinivasanmuthu/.m2/repository/commons-logging/commons-logging/1.2/commons-logging-1.2.jar:/Users/srinivasanmuthu/.m2/repository/com/google/code/gson/gson/2.8.2/gson-2.8.2.jar:/Users/srinivasanmuthu/.m2/repository/com/google/guava/guava/23.6-jre/guava-23.6-jre.jar:/Users/srinivasanmuthu/.m2/repository/com/google/code/findbugs/jsr305/1.3.9/jsr305-1.3.9.jar:/Users/srinivasanmuthu/.m2/repository/org/checkerframework/checker-compat-qual/2.0.0/checker-compat-qual-2.0.0.jar:/Users/srinivasanmuthu/.m2/repository/com/google/errorprone/error_prone_annotations/2.1.3/error_prone_annotations-2.1.3.jar:/Users/srinivasanmuthu/.m2/repository/com/google/j2objc/j2objc-annotations/1.1/j2objc-annotations-1.1.jar:/Users/srinivasanmuthu/.m2/repository/org/codehaus/mojo/animal-sniffer-annotations/1.14/animal-sniffer-annotations-1.14.jar:/Users/srinivasanmuthu/.m2/repository/org/apache/httpcomponents/httpclient/4.5.3/httpclient-4.5.3.jar:/Users/srinivasanmuthu/.m2/repository/org/apache/httpcomponents/httpcore/4.4.6/httpcore-4.4.6.jar:/Users/srinivasanmuthu/.m2/repository/com/squareup/okhttp3/okhttp/3.9.1/okhttp-3.9.1.jar:/Users/srinivasanmuthu/.m2/repository/com/squareup/okio/okio/1.13.0/okio-1.13.0.jar:/Users/srinivasanmuthu/.m2/repository/junit/junit/4.12/junit-4.12.jar:/Users/srinivasanmuthu/.m2/repository/org/hamcrest/hamcrest-core/1.3/hamcrest-core-1.3.jar:/Users/srinivasanmuthu/.m2/repository/com/relevantcodes/extentreports/2.40.2/extentreports-2.40.2.jar:/Users/srinivasanmuthu/.m2/repository/org/jsoup/jsoup/1.8.3/jsoup-1.8.3.jar:/Users/srinivasanmuthu/.m2/repository/org/xerial/sqlite-jdbc/3.8.11.1/sqlite-jdbc-3.8.11.1.jar:/Users/srinivasanmuthu/.m2/repository/org/freemarker/freemarker/2.3.23/freemarker-2.3.23.jar:/Users/srinivasanmuthu/.m2/repository/commons-configuration/commons-configuration/1.6/commons-configuration-1.6.jar:/Users/srinivasanmuthu/.m2/repository/commons-collections/commons-collections/3.2.1/commons-collections-3.2.1.jar:/Users/srinivasanmuthu/.m2/repository/commons-lang/commons-lang/2.4/commons-lang-2.4.jar:/Users/srinivasanmuthu/.m2/repository/commons-digester/commons-digester/1.8/commons-digester-1.8.jar:/Users/srinivasanmuthu/.m2/repository/commons-beanutils/commons-beanutils/1.7.0/commons-beanutils-1.7.0.jar:/Users/srinivasanmuthu/.m2/repository/commons-beanutils/commons-beanutils-core/1.8.0/commons-beanutils-core-1.8.0.jar:/Users/srinivasanmuthu/.m2/repository/io/github/bonigarcia/webdrivermanager/5.6.2/webdrivermanager-5.6.2.jar:/Users/srinivasanmuthu/.m2/repository/org/slf4j/slf4j-api/2.0.9/slf4j-api-2.0.9.jar:/Users/srinivasanmuthu/.m2/repository/com/github/docker-java/docker-java/3.3.4/docker-java-3.3.4.jar:/Users/srinivasanmuthu/.m2/repository/com/github/docker-java/docker-java-core/3.3.4/docker-java-core-3.3.4.jar:/Users/srinivasanmuthu/.m2/repository/com/github/docker-java/docker-java-api/3.3.4/docker-java-api-3.3.4.jar:/Users/srinivasanmuthu/.m2/repository/com/fasterxml/jackson/core/jackson-annotations/2.10.3/jackson-annotations-2.10.3.jar:/Users/srinivasanmuthu/.m2/repository/commons-io/commons-io/2.13.0/commons-io-2.13.0.jar:/Users/srinivasanmuthu/.m2/repository/com/fasterxml/jackson/core/jackson-databind/2.10.3/jackson-databind-2.10.3.jar:/Users/srinivasanmuthu/.m2/repository/com/fasterxml/jackson/core/jackson-core/2.10.3/jackson-core-2.10.3.jar:/Users/srinivasanmuthu/.m2/repository/org/bouncycastle/bcpkix-jdk18on/1.76/bcpkix-jdk18on-1.76.jar:/Users/srinivasanmuthu/.m2/repository/org/bouncycastle/bcprov-jdk18on/1.76/bcprov-jdk18on-1.76.jar:/Users/srinivasanmuthu/.m2/repository/org/bouncycastle/bcutil-jdk18on/1.76/bcutil-jdk18on-1.76.jar:/Users/srinivasanmuthu/.m2/repository/org/slf4j/jcl-over-slf4j/1.7.30/jcl-over-slf4j-1.7.30.jar:/Users/srinivasanmuthu/.m2/repository/com/github/docker-java/docker-java-transport-httpclient5/3.3.4/docker-java-transport-httpclient5-3.3.4.jar:/Users/srinivasanmuthu/.m2/repository/com/github/docker-java/docker-java-transport/3.3.4/docker-java-transport-3.3.4.jar:/Users/srinivasanmuthu/.m2/repository/net/java/dev/jna/jna/5.13.0/jna-5.13.0.jar:/Users/srinivasanmuthu/.m2/repository/org/brotli/dec/0.1.2/dec-0.1.2.jar:/Users/srinivasanmuthu/.m2/repository/org/apache/commons/commons-lang3/3.13.0/commons-lang3-3.13.0.jar:/Users/srinivasanmuthu/.m2/repository/org/apache/commons/commons-compress/1.24.0/commons-compress-1.24.0.jar:/Users/srinivasanmuthu/.m2/repository/org/apache/httpcomponents/client5/httpclient5/5.2.1/httpclient5-5.2.1.jar:/Users/srinivasanmuthu/.m2/repository/org/apache/httpcomponents/core5/httpcore5/5.2/httpcore5-5.2.jar:/Users/srinivasanmuthu/.m2/repository/org/apache/httpcomponents/core5/httpcore5-h2/5.2/httpcore5-h2-5.2.jar:/Users/srinivasanmuthu/.m2/repository/org/yaml/snakeyaml/1.23/snakeyaml-1.23.jar:/Users/srinivasanmuthu/.m2/repository/io/cucumber/gherkin/10.0.0/gherkin-10.0.0.jar:/Users/srinivasanmuthu/.m2/repository/io/cucumber/messages/10.0.1/messages-10.0.1.jar:/Users/srinivasanmuthu/.m2/repository/io/cucumber/cucumber-junit/5.3.0/cucumber-junit-5.3.0.jar:/Users/srinivasanmuthu/.m2/repository/org/apiguardian/apiguardian-api/1.1.0/apiguardian-api-1.1.0.jar:/Users/srinivasanmuthu/.m2/repository/io/cucumber/cucumber-java/5.3.0/cucumber-java-5.3.0.jar:/Users/srinivasanmuthu/.m2/repository/io/cucumber/cucumber-testng/5.3.0/cucumber-testng-5.3.0.jar:/Users/srinivasanmuthu/.m2/repository/org/testng/testng/7.1.0/testng-7.1.0.jar:/Users/srinivasanmuthu/.m2/repository/com/beust/jcommander/1.72/jcommander-1.72.jar:/Users/srinivasanmuthu/.m2/repository/com/google/inject/guice/4.1.0/guice-4.1.0-no_aop.jar:/Users/srinivasanmuthu/.m2/repository/javax/inject/javax.inject/1/javax.inject-1.jar:/Users/srinivasanmuthu/.m2/repository/aopalliance/aopalliance/1.0/aopalliance-1.0.jar:/Users/srinivasanmuthu/.m2/repository/io/cucumber/cucumber-core/5.3.0/cucumber-core-5.3.0.jar:/Users/srinivasanmuthu/.m2/repository/io/cucumber/cucumber-gherkin/5.3.0/cucumber-gherkin-5.3.0.jar:/Users/srinivasanmuthu/.m2/repository/io/cucumber/cucumber-gherkin-vintage/5.3.0/cucumber-gherkin-vintage-5.3.0.jar:/Users/srinivasanmuthu/.m2/repository/io/cucumber/tag-expressions/2.0.4/tag-expressions-2.0.4.jar:/Users/srinivasanmuthu/.m2/repository/io/cucumber/cucumber-expressions/8.3.1/cucumber-expressions-8.3.1.jar:/Users/srinivasanmuthu/.m2/repository/io/cucumber/datatable/3.3.0/datatable-3.3.0.jar:/Users/srinivasanmuthu/.m2/repository/io/cucumber/cucumber-plugin/5.3.0/cucumber-plugin-5.3.0.jar:/Users/srinivasanmuthu/.m2/repository/io/cucumber/docstring/5.3.0/docstring-5.3.0.jar:/Users/srinivasanmuthu/.m2/repository/io/cucumber/cucumber-picocontainer/5.3.0/cucumber-picocontainer-5.3.0.jar:/Users/srinivasanmuthu/.m2/repository/org/picocontainer/picocontainer/2.15/picocontainer-2.15.jar:"/>
    <property name="sun.cpu.endian" value="little"/>
    <property name="user.home" value="/Users/srinivasanmuthu"/>
    <property name="user.language" value="en"/>
    <property name="java.specification.vendor" value="Oracle Corporation"/>
    <property name="java.home" value="/Library/Internet Plug-Ins/JavaAppletPlugin.plugin/Contents/Home"/>
    <property name="basedir" value="/Users/srinivasanmuthu/Desktop/qa"/>
    <property name="file.separator" value="/"/>
    <property name="line.separator" value="&#10;"/>
    <property name="java.vm.specification.vendor" value="Oracle Corporation"/>
    <property name="java.specification.name" value="Java Platform API Specification"/>
    <property name="java.awt.graphicsenv" value="sun.awt.CGraphicsEnvironment"/>
    <property name="surefire.real.class.path" value="/Users/srinivasanmuthu/Desktop/qa/target/surefire/surefirebooter5449026744235364065.jar"/>
    <property name="sun.boot.class.path" value="/Library/Internet Plug-Ins/JavaAppletPlugin.plugin/Contents/Home/lib/resources.jar:/Library/Internet Plug-Ins/JavaAppletPlugin.plugin/Contents/Home/lib/rt.jar:/Library/Internet Plug-Ins/JavaAppletPlugin.plugin/Contents/Home/lib/jsse.jar:/Library/Internet Plug-Ins/JavaAppletPlugin.plugin/Contents/Home/lib/jce.jar:/Library/Internet Plug-Ins/JavaAppletPlugin.plugin/Contents/Home/lib/charsets.jar:/Library/Internet Plug-Ins/JavaAppletPlugin.plugin/Contents/Home/lib/jfr.jar:/Library/Internet Plug-Ins/JavaAppletPlugin.plugin/Contents/Home/classes"/>
    <property name="sun.management.compiler" value="HotSpot 64-Bit Tiered Compilers"/>
    <property name="ftp.nonProxyHosts" value="local|*.local|169.254/16|*.169.254/16"/>
    <property name="java.runtime.version" value="1.8.0_361-b09"/>
    <property name="user.name" value="srinivasanmuthu"/>
    <property name="path.separator" value=":"/>
    <property name="os.version" value="12.6.7"/>
    <property name="java.endorsed.dirs" value="/Library/Internet Plug-Ins/JavaAppletPlugin.plugin/Contents/Home/lib/endorsed"/>
    <property name="java.runtime.name" value="Java(TM) SE Runtime Environment"/>
    <property name="file.encoding" value="UTF-8"/>
    <property name="java.vm.name" value="Java HotSpot(TM) 64-Bit Server VM"/>
    <property name="localRepository" value="/Users/srinivasanmuthu/.m2/repository"/>
    <property name="java.vendor.url.bug" value="http://bugreport.sun.com/bugreport/"/>
    <property name="java.io.tmpdir" value="/var/folders/31/wbm4sx596ll5vclbx8bpjbww0000gn/T/"/>
    <property name="java.version" value="1.8.0_361"/>
    <property name="user.dir" value="/Users/srinivasanmuthu/Desktop/qa"/>
    <property name="os.arch" value="x86_64"/>
    <property name="java.vm.specification.name" value="Java Virtual Machine Specification"/>
    <property name="java.awt.printerjob" value="sun.lwawt.macosx.CPrinterJob"/>
    <property name="sun.os.patch.level" value="unknown"/>
    <property name="java.library.path" value="/Users/srinivasanmuthu/Library/Java/Extensions:/Library/Java/Extensions:/Network/Library/Java/Extensions:/System/Library/Java/Extensions:/usr/lib/java:."/>
    <property name="java.vm.info" value="mixed mode"/>
    <property name="java.vendor" value="Oracle Corporation"/>
    <property name="java.vm.version" value="25.361-b09"/>
    <property name="java.specification.maintenance.version" value="4"/>
    <property name="java.ext.dirs" value="/Users/srinivasanmuthu/Library/Java/Extensions:/Library/Internet Plug-Ins/JavaAppletPlugin.plugin/Contents/Home/lib/ext:/Library/Java/Extensions:/Network/Library/Java/Extensions:/System/Library/Java/Extensions:/usr/lib/java"/>
    <property name="sun.io.unicode.encoding" value="UnicodeBig"/>
    <property name="java.class.version" value="52.0"/>
    <property name="socksNonProxyHosts" value="local|*.local|169.254/16|*.169.254/16"/>
  </properties>
  <testcase name="runScenario" classname="test.Tests" time="2.607"/>
  <testcase name="runScenario" classname="test.Tests" time="4.66"/>
</testsuite>