<?xml version="1.0" encoding="UTF-8"?>
<!-- Generated by org.testng.reporters.JUnitReportReporter -->
<testsuite skipped="0" hostname="Srinivasans-MacBook-Pro.local" name="test.Tests" tests="2" failures="0" timestamp="2023-11-14T09:16:01 SGT" time="24.108" errors="0">
  <testcase name="runScenario" time="13.356" classname="test.Tests"/>
  <system-out/>
  <testcase name="runScenario" time="10.752" classname="test.Tests"/>
  <system-out/>
</testsuite> <!-- test.Tests -->
