<?xml version="1.0" encoding="UTF-8"?>
<!-- Generated by org.testng.reporters.JUnitReportReporter -->
<testsuite skipped="0" hostname="Srinivasans-MacBook-Pro.local" name="test.Tests" tests="2" failures="0" timestamp="2023-11-14T09:09:36 SGT" time="25.140" errors="0">
  <testcase name="runScenario" time="10.947" classname="test.Tests"/>
  <system-out/>
  <testcase name="runScenario" time="14.193" classname="test.Tests"/>
  <system-out/>
</testsuite> <!-- test.Tests -->
