<?xml version="1.0" encoding="UTF-8"?>
<!-- Generated by org.testng.reporters.JUnitReportReporter -->
<testsuite skipped="0" hostname="Srinivasans-MacBook-Pro.local" name="test.Tests" tests="1" failures="0" timestamp="2023-11-14T13:06:02 SGT" time="16.708" errors="0">
  <testcase name="runScenario" time="16.708" classname="test.Tests"/>
  <system-out/>
</testsuite> <!-- test.Tests -->
