<?xml version="1.0" encoding="UTF-8"?>
<!-- Generated by org.testng.reporters.JUnitReportReporter -->
<testsuite skipped="0" hostname="Srinivasans-MacBook-Pro.local" name="test.Tests" tests="3" failures="0" timestamp="2023-11-14T13:10:47 SGT" time="39.176" errors="0">
  <testcase name="runScenario" time="12.663" classname="test.Tests"/>
  <system-out/>
  <testcase name="runScenario" time="9.904" classname="test.Tests"/>
  <system-out/>
  <testcase name="runScenario" time="16.609" classname="test.Tests"/>
  <system-out/>
</testsuite> <!-- test.Tests -->
