<?xml version="1.0" encoding="UTF-8"?>
<!-- Generated by org.testng.reporters.JUnitReportReporter -->
<testsuite skipped="0" hostname="Srinivasans-MacBook-Pro.local" name="test.Tests" tests="2" failures="0" timestamp="2023-11-14T02:02:05 SGT" time="23.015" errors="0">
  <testcase name="runScenario" time="11.870" classname="test.Tests"/>
  <system-out/>
  <testcase name="runScenario" time="11.145" classname="test.Tests"/>
  <system-out/>
</testsuite> <!-- test.Tests -->
