<?xml version="1.0" encoding="UTF-8"?>
<!-- Generated by org.testng.reporters.JUnitReportReporter -->
<testsuite skipped="0" hostname="Srinivasans-MacBook-Pro.local" name="test.Tests" tests="2" failures="0" timestamp="2023-11-14T01:21:13 SGT" time="31.854" errors="0">
  <testcase name="runScenario" time="16.960" classname="test.Tests"/>
  <system-out/>
  <testcase name="runScenario" time="14.894" classname="test.Tests"/>
  <system-out/>
</testsuite> <!-- test.Tests -->
